<rss xmlns:media="http://search.yahoo.com/mrss/" xmlns:dc="http://purl.org/dc/elements/1.1/" xmlns:content="http://purl.org/rss/1.0/modules/content/" version="2.0">
    <channel>
        <title>NBC News Politics</title>
        <link>https://www.nbcnews.com/</link>
        <description>NBC News Politics</description>
        <language>en-US</language>
        <copyright>© 2023 NBCNews.com</copyright>
        <lastBuildDate>Wed, 22 Feb 2023 15:41:45 GMT</lastBuildDate>
        <image>
            <url>https://media1.s-nbcnews.com/i/MSNBC/Components/Media/NBC-promo-graphics/nbc-news.png</url>
            <title>NBC News Politics</title>
            <link>https://www.nbcnews.com/</link>
        </image>
        <item>
            <guid>https://www.nbcnews.com/politics/joe-biden/biden-says-putin-made-big-mistake-new-start-treaty-rcna71764</guid>
            <title>Biden says Putin made a 'big mistake' on New START treaty</title>
            <dateTimeWritten>Thu, 23 Feb 2023 02:07:17 GMT</dateTimeWritten>
            <pubDate>Wed, 22 Feb 2023 15:41:45 GMT</pubDate>
            <updateDate>Thu, 23 Feb 2023 02:07:17 GMT</updateDate>
            <expires>2112-01-01T00:00:00.000+0000</expires>
            <link>https://www.nbcnews.com/politics/joe-biden/biden-says-putin-made-big-mistake-new-start-treaty-rcna71764</link>
            <dc:creator>Caroline Kenny and Summer Concepcion and Phil McCausland</dc:creator>
            <description>President Joe Biden condemned Russian President Vladimir Putin’s suspension of his country’s involvement in the last remaining arms control treaty with the U.S.</description>
            <media:content url="https://media-cldnry.s-nbcnews.com/image/upload/rockcms/2023-02/230222-russia-Yars-intercontinental-ballistic-missile-ew-410p-534568.jpg" type="image/jpeg" medium="image" height="1382" width="2500">
                <media:credit>via AP file</media:credit>
                <media:text type="plain">In image from video released by Russian Defense Ministry Press Service on Oct. 26, 2022, a Yars intercontinental ballistic missile is test-fired as part of Russia's nuclear drills from a launch site in Plesetsk, northwestern Russia.</media:text>
                <media:description type="plain">In image from video released by Russian Defense Ministry Press Service on Oct. 26, 2022, a Yars intercontinental ballistic missile is test-fired as part of Russia's nuclear drills from a launch site in Plesetsk, northwestern Russia.</media:description>
            </media:content>
            <media:content url="https://media-cldnry.s-nbcnews.com/image/upload/rockcms/2023-02/230221-putin-speech-mb-1049-46e096.jpg" type="image/jpeg" medium="image" height="3603" width="5405">
                <media:credit>Dmitry Astakhov</media:credit>
                <media:text type="plain">Putin speaking in Moscow on Feb. 21, 2023. </media:text>
                <media:description type="plain">Russian President Vladimir Putin delivers his annual state of the nation address Tuesday at the Gostiny Dvor conference center in central Moscow.</media:description>
            </media:content>
            <media:thumbnail url="https://media-cldnry.s-nbcnews.com/image/upload/rockcms/2023-02/230222-russia-Yars-intercontinental-ballistic-missile-ew-410p-534568.jpg" height="1382" width="2500"/>
        </item>
        <item>
            <guid>https://www.nbcnews.com/politics/politics-news/buttigieg-visit-east-palestine-train-derailment-chemical-spill-rcna71867</guid>
            <title>Buttigieg visits East Palestine following train derailment and chemical spill</title>
            <dateTimeWritten>Thu, 23 Feb 2023 19:23:00 GMT</dateTimeWritten>
            <pubDate>Thu, 23 Feb 2023 14:11:39 GMT</pubDate>
            <updateDate>Thu, 23 Feb 2023 19:23:00 GMT</updateDate>
            <expires>2112-01-01T00:00:00.000+0000</expires>
            <link>https://www.nbcnews.com/politics/politics-news/buttigieg-visit-east-palestine-train-derailment-chemical-spill-rcna71867</link>
            <dc:creator>Rebecca Shabad and Liz Brown-Kaiser</dc:creator>
            <description>Transportation Secretary Pete Buttigieg is visiting East Palestine, Ohio, to view the site of the train derailment that led to a spill of toxic chemicals into the community.</description>
            <media:content url="https://media-cldnry.s-nbcnews.com/image/upload/rockcms/2023-02/230223-pete-buttigieg-east-palestine-train-jm-0919-9bceca.jpg" type="image/jpeg" medium="image" height="1080" width="1920">
                <media:credit>NBC News</media:credit>
                <media:text type="plain">Transportation Secretary Pete Buttigieg visits the site of the derailed train in East Palestine, Ohio, on Feb. 23, 2023.</media:text>
                <media:description type="plain">Transportation Secretary Pete Buttigieg visits the site of the derailed train in East Palestine, Ohio, on Feb. 23, 2023.</media:description>
            </media:content>
            <media:thumbnail url="https://media-cldnry.s-nbcnews.com/image/upload/rockcms/2023-02/230223-pete-buttigieg-east-palestine-train-jm-0919-9bceca.jpg" height="1080" width="1920"/>
        </item>
        <item>
            <guid>https://www.nbcnews.com/politics/justice-department/garret-miller-jan-6-rioter-threatened-rep-ocasio-cortez-sentenced-rcna71784</guid>
            <title>Jan. 6 rioter who threatened Rep. Ocasio-Cortez sentenced to 38 months in prison</title>
            <dateTimeWritten>Thu, 23 Feb 2023 01:01:07 GMT</dateTimeWritten>
            <pubDate>Wed, 22 Feb 2023 21:29:05 GMT</pubDate>
            <updateDate>Thu, 23 Feb 2023 01:01:07 GMT</updateDate>
            <expires>2112-01-01T00:00:00.000+0000</expires>
            <link>https://www.nbcnews.com/politics/justice-department/garret-miller-jan-6-rioter-threatened-rep-ocasio-cortez-sentenced-rcna71784</link>
            <dc:creator>Dareh Gregorian and Daniel Barnes</dc:creator>
            <description>Garret Miller, a Jan. 6 rioter who threatened Rep. Alexandria Ocasio-Cortez on Twitter after the Capitol attack, was sentenced to 38 months in prison Wednesday.</description>
            <media:content url="https://media-cldnry.s-nbcnews.com/image/upload/rockcms/2023-02/230222-Garret-Miller-2-ew-1155a-6064c8.jpg" type="image/jpeg" medium="image" height="856" width="533">
                <media:credit>U.S. District Court for the District of Columbia</media:credit>
                <media:text type="plain">Garret Miller.</media:text>
                <media:description type="plain">Garret Miller.</media:description>
            </media:content>
            <media:content url="https://media-cldnry.s-nbcnews.com/image/upload/rockcms/2023-02/230222-Garret-Miller-3-ew-1155a-a77f51.jpg" type="image/jpeg" medium="image" height="710" width="528">
                <media:credit>U.S. District Court for the District of Columbia</media:credit>
                <media:text type="plain">Garret Miller at the U.S. Capitol on Jan. 6, 2021.</media:text>
                <media:description type="plain">Garret Miller at the U.S. Capitol on Jan. 6, 2021.</media:description>
            </media:content>
            <media:content url="https://media-cldnry.s-nbcnews.com/image/upload/rockcms/2023-02/230222-Garret-Miller-1-ew-1155a-f363e6.jpg" type="image/jpeg" medium="image" height="1365" width="2048">
                <media:credit>U.S. District Court for the District of Columbia</media:credit>
                <media:text type="plain">Garret Miller at the U.S. Capitol on Jan. 6, 2021.</media:text>
                <media:description type="plain">Garret Miller at the U.S. Capitol on Jan. 6, 2021.</media:description>
            </media:content>
            <media:thumbnail url="https://media-cldnry.s-nbcnews.com/image/upload/rockcms/2023-02/230222-Garret-Miller-2-ew-1155a-6064c8.jpg" height="856" width="533"/>
        </item>
        <item>
            <guid isPermaLink="false">now_daily_b_jarrett_scotus_twitter_230222</guid>
            <title>Supreme Court hears lawsuit claiming Twitter aided and abetted terrorist attack</title>
            <dateTimeWritten>Wed, 22 Feb 2023 19:23:09 GMT</dateTimeWritten>
            <pubDate>Wed, 22 Feb 2023 19:21:11 GMT</pubDate>
            <updateDate>Wed, 22 Feb 2023 19:23:09 GMT</updateDate>
            <expires>2053-02-22T19:21:14.000+0000</expires>
            <link>https://www.nbcnews.com/now/video/supreme-court-hears-lawsuit-claiming-twitter-aided-and-abetted-terrorist-attack-163829317807</link>
            <dc:creator/>
            <description>The Supreme Court seemed skeptical of a lawsuit that alleged Twitter aided and abetted the spread of militant Islamist ideology. NBC's Laura Jarrett reports on questions the justices had for both sides during oral arguments.</description>
            <media:content url="" medium="video">
                <media:credit/>
                <media:title>Supreme Court hears lawsuit claiming Twitter aided and abetted terrorist attack</media:title>
                <media:player url="https://www.nbcnews.com/now/video/supreme-court-hears-lawsuit-claiming-twitter-aided-and-abetted-terrorist-attack-163829317807"/>
                <media:thumbnail url="https://media-cldnry.s-nbcnews.com/image/upload/mpx/2704722219/2023_02/1677093658819_now_daily_b_jarrett_scotus_twitter_230222_1920x1080-saz150.jpg"/>
                <media:description type="plain">The Supreme Court seemed skeptical of a lawsuit that alleged Twitter aided and abetted the spread of militant Islamist ideology. NBC's Laura Jarrett reports on questions the justices had for both sides during oral arguments.</media:description>
                <media:subTitle type="text/srt" lang="en-US" url="https://nbcnewsdigital-static.nbcuni.com/media/captions/NBC_News_Digital/2023/02/1677093658819_now_daily_b_jarrett_scotus_twitter_230222.srt"/>
                <media:subTitle type="text/vtt" lang="en-US" url="https://nbcnewsdigital-static.nbcuni.com/media/captions/NBC_News_Digital/2023/02/1677093658819_now_daily_b_jarrett_scotus_twitter_230222.vtt"/>
            </media:content>
            <media:thumbnail url="https://media-cldnry.s-nbcnews.com/image/upload/mpx/2704722219/2023_02/1677093658819_now_daily_b_jarrett_scotus_twitter_230222_1920x1080-saz150.jpg"/>
        </item>
        <item>
            <guid isPermaLink="false">nn_lja_scotus_big_tech_230221</guid>
            <title>Supreme Court deciding if Big Tech companies are responsible for what users see online</title>
            <dateTimeWritten>Wed, 22 Feb 2023 00:05:53 GMT</dateTimeWritten>
            <pubDate>Wed, 22 Feb 2023 00:03:57 GMT</pubDate>
            <updateDate>Wed, 22 Feb 2023 00:05:53 GMT</updateDate>
            <expires>2053-02-22T00:04:03.000+0000</expires>
            <link>https://www.nbcnews.com/nightly-news/video/supreme-court-deciding-if-big-tech-companies-are-responsible-for-what-users-see-online-163779141510</link>
            <dc:creator/>
            <description>The Supreme Court is deciding whether or not Big Tech companies can be sued for personalizing what you see online. NBC News’ Laura Jarrett has more details on the case.</description>
            <media:content url="" medium="video">
                <media:credit/>
                <media:title>Supreme Court deciding if Big Tech companies are responsible for what users see online</media:title>
                <media:player url="https://www.nbcnews.com/nightly-news/video/supreme-court-deciding-if-big-tech-companies-are-responsible-for-what-users-see-online-163779141510"/>
                <media:thumbnail url="https://media-cldnry.s-nbcnews.com/image/upload/mpx/2704722219/2023_02/1677024223972_nn_lja_scotus_big_tech_230221_1920x1080-f4d7wl.jpg"/>
                <media:description type="plain">The Supreme Court is deciding whether or not Big Tech companies can be sued for personalizing what you see online. NBC News’ Laura Jarrett has more details on the case.</media:description>
                <media:subTitle type="text/srt" lang="en-US" url="https://nbcnewsdigital-static.nbcuni.com/media/captions/NBC_News_Digital/2023/02/1677024223972_nn_lja_scotus_big_tech_230221.srt"/>
                <media:subTitle type="text/vtt" lang="en-US" url="https://nbcnewsdigital-static.nbcuni.com/media/captions/NBC_News_Digital/2023/02/1677024223972_nn_lja_scotus_big_tech_230221.vtt"/>
            </media:content>
            <media:thumbnail url="https://media-cldnry.s-nbcnews.com/image/upload/mpx/2704722219/2023_02/1677024223972_nn_lja_scotus_big_tech_230221_1920x1080-f4d7wl.jpg"/>
        </item>
        <item>
            <guid isPermaLink="false">nn_kwe_biden_in_poland_230221</guid>
            <title>Biden makes defiant address on Ukraine ahead of Russian invasion anniversary</title>
            <dateTimeWritten>Wed, 22 Feb 2023 00:05:31 GMT</dateTimeWritten>
            <pubDate>Wed, 22 Feb 2023 00:03:33 GMT</pubDate>
            <updateDate>Wed, 22 Feb 2023 00:05:31 GMT</updateDate>
            <expires>2053-02-22T00:03:37.000+0000</expires>
            <link>https://www.nbcnews.com/nightly-news/video/biden-makes-defiant-address-on-ukraine-ahead-of-russian-invasion-anniversary-163778117637</link>
            <dc:creator/>
            <description>President Biden made an address ahead of the one-year anniversary of Russia’s war in Ukraine, offering an unmistakable message to Russian President Putin that “Ukraine will never be a victory for Russia.” NBC News’ Kristen Welker has more details on how Americans are feeling about the conflict. </description>
            <media:content url="" medium="video">
                <media:credit/>
                <media:title>Biden makes defiant address on Ukraine ahead of Russian invasion anniversary</media:title>
                <media:player url="https://www.nbcnews.com/nightly-news/video/biden-makes-defiant-address-on-ukraine-ahead-of-russian-invasion-anniversary-163778117637"/>
                <media:thumbnail url="https://media-cldnry.s-nbcnews.com/image/upload/mpx/2704722219/2023_02/1677024200283_nn_kwe_biden_in_poland_230221_1920x1080-gj5ka6.jpg"/>
                <media:description type="plain">President Biden made an address ahead of the one-year anniversary of Russia’s war in Ukraine, offering an unmistakable message to Russian President Putin that “Ukraine will never be a victory for Russia.” NBC News’ Kristen Welker has more details on how Americans are feeling about the conflict. </media:description>
                <media:subTitle type="text/srt" lang="en-US" url="https://nbcnewsdigital-static.nbcuni.com/media/captions/NBC_News_Digital/2023/02/1677024200283_nn_kwe_biden_in_poland_230221.srt"/>
                <media:subTitle type="text/vtt" lang="en-US" url="https://nbcnewsdigital-static.nbcuni.com/media/captions/NBC_News_Digital/2023/02/1677024200283_nn_kwe_biden_in_poland_230221.vtt"/>
            </media:content>
            <media:thumbnail url="https://media-cldnry.s-nbcnews.com/image/upload/mpx/2704722219/2023_02/1677024200283_nn_kwe_biden_in_poland_230221_1920x1080-gj5ka6.jpg"/>
        </item>
        <item>
            <guid isPermaLink="false">now_daily_a_jarrett_google_scotus_230221</guid>
            <title>Supreme Court hears case over holding Google liable for videos with harmful content</title>
            <dateTimeWritten>Tue, 21 Feb 2023 18:58:25 GMT</dateTimeWritten>
            <pubDate>Tue, 21 Feb 2023 18:56:09 GMT</pubDate>
            <updateDate>Tue, 21 Feb 2023 18:58:25 GMT</updateDate>
            <expires>2053-02-21T18:56:13.000+0000</expires>
            <link>https://www.nbcnews.com/now/video/supreme-court-hears-case-over-holding-google-liable-for-videos-with-harmful-content-163756613509</link>
            <dc:creator/>
            <description>The Supreme Court seemed unsure about a lawsuit that sought to hold YouTube, and their owner Google, liable for hosting videos promoting violent militant Islam and suggesting those videos through their algorithm. NBC's Laura Jarrett reports on how justices' questioning during lengthy oral arguments.</description>
            <media:content url="" medium="video">
                <media:credit/>
                <media:title>Supreme Court hears case over holding Google liable for videos with harmful content</media:title>
                <media:player url="https://www.nbcnews.com/now/video/supreme-court-hears-case-over-holding-google-liable-for-videos-with-harmful-content-163756613509"/>
                <media:thumbnail url="https://media-cldnry.s-nbcnews.com/image/upload/mpx/2704722219/2023_02/1677005756424_now_daily_a_jarrett_google_scotus_230221_1920x1080-6yyah5.jpg"/>
                <media:description type="plain">The Supreme Court seemed unsure about a lawsuit that sought to hold YouTube, and their owner Google, liable for hosting videos promoting violent militant Islam and suggesting those videos through their algorithm. NBC's Laura Jarrett reports on how justices' questioning during lengthy oral arguments.</media:description>
                <media:subTitle type="text/srt" lang="en-US" url="https://nbcnewsdigital-static.nbcuni.com/media/captions/NBC_News_Digital/2023/02/1677005756424_now_daily_a_jarrett_google_scotus_230221.srt"/>
                <media:subTitle type="text/vtt" lang="en-US" url="https://nbcnewsdigital-static.nbcuni.com/media/captions/NBC_News_Digital/2023/02/1677005756424_now_daily_a_jarrett_google_scotus_230221.vtt"/>
            </media:content>
            <media:thumbnail url="https://media-cldnry.s-nbcnews.com/image/upload/mpx/2704722219/2023_02/1677005756424_now_daily_a_jarrett_google_scotus_230221_1920x1080-6yyah5.jpg"/>
        </item>
        <item>
            <guid>https://www.nbcnews.com/politics/white-house/putin-gave-biden-12k-desk-pen-2021-one-many-gifts-foreign-leaders-gave-rcna72042</guid>
            <title>Putin gave Biden a $12k desk and pen in 2021, one of many gifts foreign leaders gave the president that year</title>
            <dateTimeWritten>Thu, 23 Feb 2023 19:36:56 GMT</dateTimeWritten>
            <pubDate>Thu, 23 Feb 2023 19:36:56 GMT</pubDate>
            <updateDate>Thu, 23 Feb 2023 19:36:56 GMT</updateDate>
            <expires>2112-01-01T00:00:00.000+0000</expires>
            <link>https://www.nbcnews.com/politics/white-house/putin-gave-biden-12k-desk-pen-2021-one-many-gifts-foreign-leaders-gave-rcna72042</link>
            <dc:creator>Mike Memoli</dc:creator>
            <description>Vladimir Putin gifted President Joe Biden a distinctive Russian desk set valued at $12,00 after their meeting in Geneva in June 2021.</description>
            <media:content url="https://media-cldnry.s-nbcnews.com/image/upload/rockcms/2023-02/230223-joe-biden-shamrocks-jm-1355-30afbf.jpg" type="image/jpeg" medium="image" height="1666" width="2500">
                <media:credit>Andrew Harnik</media:credit>
                <media:text type="plain">President Joe Biden sits next to a bowl of Irish shamrocks, left, as he has a virtual meeting with Ireland's Prime Minister Micheal Martin on St. Patrick's Day on March 17, 2021.</media:text>
                <media:description type="plain">President Joe Biden sits next to a bowl of Irish shamrocks, left, as he has a virtual meeting with Ireland's Prime Minister Micheal Martin on St. Patrick's Day on March 17, 2021.</media:description>
            </media:content>
            <media:thumbnail url="https://media-cldnry.s-nbcnews.com/image/upload/rockcms/2023-02/230223-joe-biden-shamrocks-jm-1355-30afbf.jpg" height="1666" width="2500"/>
        </item>
        <item>
            <guid>https://www.nbcnews.com/politics/politics-news/rep-scott-perry-argue-phone-search-special-counsels-jan-6-probe-rcna71938</guid>
            <title>Rep. Scott Perry argues in court against phone search in special counsel's Jan. 6 probe</title>
            <dateTimeWritten>Thu, 23 Feb 2023 18:15:34 GMT</dateTimeWritten>
            <pubDate>Thu, 23 Feb 2023 18:15:34 GMT</pubDate>
            <updateDate>Thu, 23 Feb 2023 18:15:34 GMT</updateDate>
            <expires>2112-01-01T00:00:00.000+0000</expires>
            <link>https://www.nbcnews.com/politics/politics-news/rep-scott-perry-argue-phone-search-special-counsels-jan-6-probe-rcna71938</link>
            <dc:creator>Summer Concepcion and Daniel Barnes</dc:creator>
            <description>Rep. Scott Perry, R-Pa., a Trump ally who supported efforts to overturn the 2020 election results, is arguing in court against the DOJ accessing his phone data.</description>
            <media:content url="https://media-cldnry.s-nbcnews.com/image/upload/rockcms/2023-02/230223-scott-perry-al-0751-8b9c9f.jpg" type="image/jpeg" medium="image" height="1735" width="2500">
                <media:credit>Kevin Dietsch</media:credit>
                <media:text type="plain">Scott Perry during a meeting of the House Oversight and Reform Committee in Washington</media:text>
                <media:description type="plain">Scott Perry during a meeting of the House Oversight and Reform Committee in Washington, on Jan. 31, 2023.</media:description>
            </media:content>
            <media:thumbnail url="https://media-cldnry.s-nbcnews.com/image/upload/rockcms/2023-02/230223-scott-perry-al-0751-8b9c9f.jpg" height="1735" width="2500"/>
        </item>
        <item>
            <guid>https://www.nbcnews.com/politics/congress/bankman-fried-charged-hundreds-illegal-campaign-donations-rcna71996</guid>
            <title>Bankman-Fried charged with hundreds of illegal campaign donations</title>
            <dateTimeWritten>Thu, 23 Feb 2023 18:49:21 GMT</dateTimeWritten>
            <pubDate>Thu, 23 Feb 2023 17:23:52 GMT</pubDate>
            <updateDate>Thu, 23 Feb 2023 18:49:21 GMT</updateDate>
            <expires>2112-01-01T00:00:00.000+0000</expires>
            <link>https://www.nbcnews.com/politics/congress/bankman-fried-charged-hundreds-illegal-campaign-donations-rcna71996</link>
            <dc:creator>Alex Seitz-Wald</dc:creator>
            <description>Embattled cryptocurrency mogul Sam Bankman-Fried directed millions of dollars of illegal campaign contributions to elected officials, prosecutors alleged.</description>
            <media:content url="https://media-cldnry.s-nbcnews.com/image/upload/rockcms/2023-02/230223-sam-bankman-freed-se-1112a-42fd20.jpg" type="image/jpeg" medium="image" height="1667" width="2500">
                <media:credit>Yuki Iwamura</media:credit>
                <media:text type="plain">Sam Bankman-Fried arrives at court in New York on Feb. 16, 2023.</media:text>
                <media:description type="plain">Sam Bankman-Fried arrives at court in New York on Feb. 16.</media:description>
            </media:content>
            <media:thumbnail url="https://media-cldnry.s-nbcnews.com/image/upload/rockcms/2023-02/230223-sam-bankman-freed-se-1112a-42fd20.jpg" height="1667" width="2500"/>
        </item>
        <item>
            <guid>https://www.nbcnews.com/nbc-out/out-politics-and-policy/west-virginia-transgender-sports-ban-halted-appeal-rcna71950</guid>
            <title>West Virginia transgender sports ban halted during appeal</title>
            <dateTimeWritten>Thu, 23 Feb 2023 14:59:45 GMT</dateTimeWritten>
            <pubDate>Thu, 23 Feb 2023 14:59:45 GMT</pubDate>
            <updateDate>Thu, 23 Feb 2023 14:59:45 GMT</updateDate>
            <expires>2112-01-01T00:00:00.000+0000</expires>
            <link>https://www.nbcnews.com/nbc-out/out-politics-and-policy/west-virginia-transgender-sports-ban-halted-appeal-rcna71950</link>
            <dc:creator>Associated Press</dc:creator>
            <description>Transgender athletes in West Virginia can compete in female school sports while an appeal is heard on a state law banning their participation, a divided federal appeals panel ruled Wednesday.</description>
            <media:content url="https://media-cldnry.s-nbcnews.com/image/upload/rockcms/2023-02/230223-jim-justice-mjf-0908-2dfe37.jpg" type="image/jpeg" medium="image" height="1668" width="2500">
                <media:credit>Chris Jackson</media:credit>
                <media:text type="plain">Gov. Jim Justice delivers his State of the State address in Charleston, W.Va.</media:text>
                <media:description type="plain">Gov. Jim Justice delivers his State of the State address in Charleston, W.Va. on Jan. 11. </media:description>
            </media:content>
            <media:thumbnail url="https://media-cldnry.s-nbcnews.com/image/upload/rockcms/2023-02/230223-jim-justice-mjf-0908-2dfe37.jpg" height="1668" width="2500"/>
        </item>
        <item>
            <guid>https://www.nbcnews.com/politics/congress/senators-urge-doj-press-ticketmaster-judiciary-committee-hearing-rcna71906</guid>
            <title>Senators urge DOJ to press Ticketmaster after Judiciary Committee hearing</title>
            <dateTimeWritten>Thu, 23 Feb 2023 15:33:44 GMT</dateTimeWritten>
            <pubDate>Thu, 23 Feb 2023 14:00:40 GMT</pubDate>
            <updateDate>Thu, 23 Feb 2023 15:33:44 GMT</updateDate>
            <expires>2112-01-01T00:00:00.000+0000</expires>
            <link>https://www.nbcnews.com/politics/congress/senators-urge-doj-press-ticketmaster-judiciary-committee-hearing-rcna71906</link>
            <dc:creator>Frank Thorp V and Zoë Richards</dc:creator>
            <description>WASHINGTON — The leaders of a Senate Judiciary subcommittee that oversees competition policy and antitrust issues have called on the Justice Department to keep looking into Ticketmaster over concerns that it holds damaging monopoly power after a congressional hearing last month.</description>
            <media:content url="https://media-cldnry.s-nbcnews.com/image/upload/rockcms/2023-02/230222-amy-klobuchar-mike-lee-ac-843p-81ccf3.jpg" type="image/jpeg" medium="image" height="1667" width="2500">
                <media:credit>Tom Williams</media:credit>
                <media:text type="plain">Sen. Amy Klobuchar, D-Minn., greets Sen. Mike Lee, R-Utah., during the Senate Judiciary Committee hearing titled "That's the Ticket: Promoting Competition and Protecting Consumers in Live Entertainment," in Hart Building on Tuesday, January 24, 2023.</media:text>
                <media:description type="plain">Sen. Amy Klobuchar, D-Minn., greets Sen. Mike Lee, R-Utah, in the Hart Senate Office Building in Washington on Jan. 24.</media:description>
            </media:content>
            <media:content url="https://media-cldnry.s-nbcnews.com/image/upload/rockcms/2023-02/230222-Joe-Berchtold-LiveNation-Senate-Ticketmaster-Hearing-ac-848p-60b12a.jpg" type="image/jpeg" medium="image" height="1667" width="2500">
                <media:credit>Andrew Harnik</media:credit>
                <media:text type="plain">Live Nation Entertainment, Inc. President and Chief Financial Officer Joe Berchtold appears before a Senate Judiciary Committee hearing to examine promoting competition and protecting consumers in live entertainment on Capitol Hill in Washington, Tuesday, Jan. 24, 2023.</media:text>
                <media:description type="plain">Live Nation President Joe Berchtold at a Senate Judiciary Committee hearing in Washington on Jan. 24.</media:description>
            </media:content>
            <media:thumbnail url="https://media-cldnry.s-nbcnews.com/image/upload/rockcms/2023-02/230222-amy-klobuchar-mike-lee-ac-843p-81ccf3.jpg" height="1667" width="2500"/>
        </item>
        <item>
            <guid>https://www.nbcnews.com/politics/donald-trump/steve-bannon-sued-nearly-500000-alleged-unpaid-legal-bills-rcna71930</guid>
            <title>Steve Bannon sued for nearly $500,000 in alleged unpaid legal bills</title>
            <dateTimeWritten>Thu, 23 Feb 2023 14:39:34 GMT</dateTimeWritten>
            <pubDate>Thu, 23 Feb 2023 13:57:33 GMT</pubDate>
            <updateDate>Thu, 23 Feb 2023 14:39:34 GMT</updateDate>
            <expires>2112-01-01T00:00:00.000+0000</expires>
            <link>https://www.nbcnews.com/politics/donald-trump/steve-bannon-sued-nearly-500000-alleged-unpaid-legal-bills-rcna71930</link>
            <dc:creator>Summer Concepcion</dc:creator>
            <description>A law firm that represented former Trump adviser Steve Bannon is suing him for nearly $500,000 in alleged unpaid legal bills.</description>
            <media:content url="https://media-cldnry.s-nbcnews.com/image/upload/rockcms/2023-02/230223-steve-bannon-al-0722-5ab657.jpg" type="image/jpeg" medium="image" height="1667" width="2500">
                <media:credit>Frank Thorp V</media:credit>
                <media:text type="plain">Steve Bannon outside of federal court in Washington</media:text>
                <media:description type="plain">Steve Bannon outside federal court in Washington, on July 22, 2022.</media:description>
            </media:content>
            <media:thumbnail url="https://media-cldnry.s-nbcnews.com/image/upload/rockcms/2023-02/230223-steve-bannon-al-0722-5ab657.jpg" height="1667" width="2500"/>
        </item>
        <item>
            <guid>https://www.nbcnews.com/news/us-news/new-photo-chinese-balloon-us-spy-plane-pilot-selfie-rcna71919</guid>
            <title>New photo shows U.S. pilot's high-altitude selfie with Chinese balloon </title>
            <dateTimeWritten>Thu, 23 Feb 2023 13:11:17 GMT</dateTimeWritten>
            <pubDate>Thu, 23 Feb 2023 09:12:41 GMT</pubDate>
            <updateDate>Thu, 23 Feb 2023 13:11:17 GMT</updateDate>
            <expires>2112-01-01T00:00:00.000+0000</expires>
            <link>https://www.nbcnews.com/news/us-news/new-photo-chinese-balloon-us-spy-plane-pilot-selfie-rcna71919</link>
            <dc:creator>Chantal Da Silva and Jennifer Jett</dc:creator>
            <description>The Department of Defense has released a new photo showing an Air Force pilot flying above the suspected Chinese spy balloon that was shot down over United States territory earlier this month.</description>
            <media:content url="https://media-cldnry.s-nbcnews.com/image/upload/rockcms/2023-02/230223-f16-balloon-mb-0857-242c94.jpg" type="image/jpeg" medium="image" height="2400" width="3600">
                <media:credit>U.S. Department of Defense</media:credit>
                <media:text type="plain">Image: *** BESTPIX *** U.S. Air Force U-2 Pilot Looks Down At Suspected Chinese Surveillance Balloon</media:text>
                <media:description type="plain">A U.S. Air Force U-2 pilot looks down at the Chinese surveillance balloon on Feb. 3, 2023 as it hovers over the United States.</media:description>
            </media:content>
            <media:thumbnail url="https://media-cldnry.s-nbcnews.com/image/upload/rockcms/2023-02/230223-f16-balloon-mb-0857-242c94.jpg" height="2400" width="3600"/>
        </item>
        <item>
            <guid>https://www.nbcnews.com/politics/justice-department/ex-member-proud-boys-failed-carry-revolution-rcna71900</guid>
            <title>Ex-member: Proud Boys failed to carry out ‘revolution’</title>
            <dateTimeWritten>Thu, 23 Feb 2023 01:52:04 GMT</dateTimeWritten>
            <pubDate>Thu, 23 Feb 2023 00:55:59 GMT</pubDate>
            <updateDate>Thu, 23 Feb 2023 01:52:04 GMT</updateDate>
            <expires>2112-01-01T00:00:00.000+0000</expires>
            <link>https://www.nbcnews.com/politics/justice-department/ex-member-proud-boys-failed-carry-revolution-rcna71900</link>
            <dc:creator>The Associated Press</dc:creator>
            <description>WASHINGTON — Proud Boys leaders plotted to violently prevent President Joe Biden from taking office because they were trying to “save the country” from what they feared would be a tyrannical government, a former member of the far-right extremist group told a jury on Wednesday.</description>
            <media:content url="https://media-cldnry.s-nbcnews.com/image/upload/rockcms/2023-02/230222-Jeremy-Bertino-proud-boys-member-2020-ac-750p-3373d2.jpg" type="image/jpeg" medium="image" height="1667" width="2500">
                <media:credit>Luis M. Alvarez</media:credit>
                <media:text type="plain">FILE - Proud Boys member Jeremy Joseph Bertino, second from left, joins other supporters of President Donald Trump who are wearing attire associated with the Proud Boys as they attend a rally at Freedom Plaza, Dec. 12, 2020, in Washington. Bertino told jurors on Tuesday, Feb. 21, 2023, that he viewed their far-right extremist organization as "the tip of the spear" after the 2020 election. Bertino is testifying against former Proud Boys national leader Enrique Tarrio and four lieutenants as part of a cooperation deal with federal prosecutors.</media:text>
                <media:description type="plain">Jeremy Bertino, second from left, joins other supporters of President Donald Trump in attire associated with the Proud Boys at a rally in Washington on Dec. 12, 2020.</media:description>
            </media:content>
            <media:thumbnail url="https://media-cldnry.s-nbcnews.com/image/upload/rockcms/2023-02/230222-Jeremy-Bertino-proud-boys-member-2020-ac-750p-3373d2.jpg" height="1667" width="2500"/>
        </item>
        <item>
            <guid>https://www.nbcnews.com/politics/politics-news/former-arizona-attorney-general-failed-release-report-disproving-elect-rcna71856</guid>
            <title>Former Arizona attorney general failed to release report disproving election fraud claims</title>
            <dateTimeWritten>Thu, 23 Feb 2023 00:56:09 GMT</dateTimeWritten>
            <pubDate>Wed, 22 Feb 2023 23:54:52 GMT</pubDate>
            <updateDate>Thu, 23 Feb 2023 00:56:09 GMT</updateDate>
            <expires>2112-01-01T00:00:00.000+0000</expires>
            <link>https://www.nbcnews.com/politics/politics-news/former-arizona-attorney-general-failed-release-report-disproving-elect-rcna71856</link>
            <dc:creator>Zoë Richards</dc:creator>
            <description>Former Arizona Attorney General Mark Brnovich did not release to the public findings from his office that showed a series of 2020 election fraud claims were not backed up by evidence, according to documents released Wednesday by his successor.</description>
            <media:content url="https://media-cldnry.s-nbcnews.com/image/upload/rockcms/2023-02/230222-mark-brnovich-se-310p-67f3a9.jpg" type="image/jpeg" medium="image" height="2014" width="3021">
                <media:credit>Bob Christie</media:credit>
                <media:text type="plain">Mark Brnovich.</media:text>
                <media:description type="plain">Mark Brnovich.</media:description>
            </media:content>
            <media:thumbnail url="https://media-cldnry.s-nbcnews.com/image/upload/rockcms/2023-02/230222-mark-brnovich-se-310p-67f3a9.jpg" height="2014" width="3021"/>
        </item>
        <item>
            <guid>https://www.nbcnews.com/politics/congress/schumer-slams-mccarthy-tucker-carlsons-access-jan-6-security-footage-rcna71878</guid>
            <title>Schumer slams McCarthy over Tucker Carlson's access to Jan. 6 security video</title>
            <dateTimeWritten>Thu, 23 Feb 2023 01:05:03 GMT</dateTimeWritten>
            <pubDate>Wed, 22 Feb 2023 22:10:00 GMT</pubDate>
            <updateDate>Thu, 23 Feb 2023 01:05:03 GMT</updateDate>
            <expires>2112-01-01T00:00:00.000+0000</expires>
            <link>https://www.nbcnews.com/politics/congress/schumer-slams-mccarthy-tucker-carlsons-access-jan-6-security-footage-rcna71878</link>
            <dc:creator>Scott Wong and Liz Brown-Kaiser and Rebecca Shabad</dc:creator>
            <description>Senate Majority Leader Chuck Schumer said Speaker Kevin McCarthy’s decision to give Jan. 6 security footage to Tucker Carlson “poses grave security risks."</description>
            <media:content url="https://media-cldnry.s-nbcnews.com/image/upload/rockcms/2023-02/230222-chuck-schumer-ac-442p-2e14ef.jpg" type="image/jpeg" medium="image" height="1667" width="2500">
                <media:credit>Jose Luis Magana</media:credit>
                <media:text type="plain">Senate Majority Leader Chuck Schumer, D-N.Y., speaks during a news conference at the Capitol in Washington, Thursday, Feb. 2, 2023.</media:text>
                <media:description type="plain">Senate Majority Leader Chuck Schumer, D-N.Y., at a news conference at the U.S. Capitol on Feb. 2.</media:description>
            </media:content>
            <media:thumbnail url="https://media-cldnry.s-nbcnews.com/image/upload/rockcms/2023-02/230222-chuck-schumer-ac-442p-2e14ef.jpg" height="1667" width="2500"/>
        </item>
        <item>
            <guid>https://www.nbcnews.com/politics/politics-news/namibian-dancers-president-welcome-jill-biden-africa-rcna71857</guid>
            <title>Namibian dancers, president welcome Jill Biden to Africa</title>
            <dateTimeWritten>Thu, 23 Feb 2023 02:58:46 GMT</dateTimeWritten>
            <pubDate>Wed, 22 Feb 2023 20:22:55 GMT</pubDate>
            <updateDate>Thu, 23 Feb 2023 02:58:46 GMT</updateDate>
            <expires>2112-01-01T00:00:00.000+0000</expires>
            <link>https://www.nbcnews.com/politics/politics-news/namibian-dancers-president-welcome-jill-biden-africa-rcna71857</link>
            <dc:creator>The Associated Press</dc:creator>
            <description>WINDHOEK, Namibia — Dancers, drummers and Namibia’s president and first lady welcomed U.S. first lady Jill Biden on Wednesday as she opened a five-day, two-country visit to Africa aimed at highlighting the challenges facing women and young people and the food insecurity plaguing the Horn of Africa.</description>
            <media:content url="https://media-cldnry.s-nbcnews.com/image/upload/rockcms/2023-02/230222-jill-biden-africa-namibia-se-317p-13f07e.jpg" type="image/jpeg" medium="image" height="1667" width="2500">
                <media:credit>Tara Mette</media:credit>
                <media:text type="plain">Namibian President Hage Geingob Namibia's first lady Monica Geingos and Jill Biden at the State House in Windhoek on Feb. 22, 2023.</media:text>
                <media:description type="plain">Namibian President Hage Geingob Namibia's first lady Monica Geingos and Jill Biden at the State House in Windhoek on Feb. 22, 2023.</media:description>
            </media:content>
            <media:thumbnail url="https://media-cldnry.s-nbcnews.com/image/upload/rockcms/2023-02/230222-jill-biden-africa-namibia-se-317p-13f07e.jpg" height="1667" width="2500"/>
        </item>
        <item>
            <guid>https://www.nbcnews.com/politics/supreme-court/supreme-court-tackles-claim-twitter-aided-abetted-terrorist-attack-rcna71662</guid>
            <title>Supreme Court skeptical that Twitter bears responsibility for terrorist attack</title>
            <dateTimeWritten>Wed, 22 Feb 2023 21:15:02 GMT</dateTimeWritten>
            <pubDate>Wed, 22 Feb 2023 20:11:06 GMT</pubDate>
            <updateDate>Wed, 22 Feb 2023 21:15:02 GMT</updateDate>
            <expires>2112-01-01T00:00:00.000+0000</expires>
            <link>https://www.nbcnews.com/politics/supreme-court/supreme-court-tackles-claim-twitter-aided-abetted-terrorist-attack-rcna71662</link>
            <dc:creator>Lawrence Hurley</dc:creator>
            <description>The Supreme Court considers whether Twitter can be sued for aiding and abetting militant Islamist ideology in the case of a Jordanian citizen killed by a terrorist.</description>
            <media:content url="https://media-cldnry.s-nbcnews.com/image/upload/rockcms/2023-02/230321-scotus-supreme-court-se-411p-99b81b.jpg" type="image/jpeg" medium="image" height="1667" width="2500">
                <media:credit>Patrick Semansky</media:credit>
                <media:text type="plain">The Supreme Court building.</media:text>
                <media:description type="plain">The Supreme Court building.</media:description>
            </media:content>
            <media:thumbnail url="https://media-cldnry.s-nbcnews.com/image/upload/rockcms/2023-02/230321-scotus-supreme-court-se-411p-99b81b.jpg" height="1667" width="2500"/>
        </item>
        <item>
            <guid>https://www.nbcnews.com/politics/politics-news/arizona-house-gop-votes-restrict-secretary-state-overseeing-election-rcna71816</guid>
            <title>Arizona House GOP votes to restrict secretaries of state from overseeing their own elections</title>
            <dateTimeWritten>Thu, 23 Feb 2023 01:50:33 GMT</dateTimeWritten>
            <pubDate>Wed, 22 Feb 2023 18:46:13 GMT</pubDate>
            <updateDate>Thu, 23 Feb 2023 01:50:33 GMT</updateDate>
            <expires>2112-01-01T00:00:00.000+0000</expires>
            <link>https://www.nbcnews.com/politics/politics-news/arizona-house-gop-votes-restrict-secretary-state-overseeing-election-rcna71816</link>
            <dc:creator>Summer Concepcion</dc:creator>
            <description>The Arizona House on Tuesday voted to make it illegal for the secretary of state to oversee an election in which they are also a candidate.</description>
            <media:content url="https://media-cldnry.s-nbcnews.com/image/upload/rockcms/2023-02/230222-arizona-election-ballot-count-mjf-1229-8302a8.jpg" type="image/jpeg" medium="image" height="1667" width="2500">
                <media:credit>John Moore</media:credit>
                <media:text type="plain">Election workers sort ballots at the Maricopa County Tabulation and Election Center in Phoenix</media:text>
                <media:description type="plain">Election workers sort ballots at the Maricopa County Tabulation and Election Center in Phoenix in November.</media:description>
            </media:content>
            <media:thumbnail url="https://media-cldnry.s-nbcnews.com/image/upload/rockcms/2023-02/230222-arizona-election-ballot-count-mjf-1229-8302a8.jpg" height="1667" width="2500"/>
        </item>
        <item>
            <guid>https://www.nbcnews.com/politics/politics-news/buttigieg-visit-east-palestine-train-derailment-toxic-spill-rcna71812</guid>
            <title>Buttigieg to visit East Palestine after train derailment and toxic spill</title>
            <dateTimeWritten>Thu, 23 Feb 2023 01:58:48 GMT</dateTimeWritten>
            <pubDate>Wed, 22 Feb 2023 18:08:00 GMT</pubDate>
            <updateDate>Thu, 23 Feb 2023 01:58:48 GMT</updateDate>
            <expires>2112-01-01T00:00:00.000+0000</expires>
            <link>https://www.nbcnews.com/politics/politics-news/buttigieg-visit-east-palestine-train-derailment-toxic-spill-rcna71812</link>
            <dc:creator>Rebecca Shabad and Jay Blackman</dc:creator>
            <description>Transportation Secretary Pete Buttigieg will visit East Palestine, Ohio, to view the site of the recent train derailment that led to a spill of toxic chemicals.</description>
            <media:content url="https://media-cldnry.s-nbcnews.com/image/upload/rockcms/2023-02/230222-pete-Buttigieg-ew-1211p-07f72b.jpg" type="image/jpeg" medium="image" height="1667" width="2500">
                <media:credit>Tom Williams</media:credit>
                <media:text type="plain">Transportation Secretary Pete Buttigieg speaks during The National Association of Counties (NACo) 2023 Legislative Conference on Feb. 13, 2023.</media:text>
                <media:description type="plain">Transportation Secretary Pete Buttigieg speaks during The National Association of Counties (NACo) 2023 Legislative Conference in Washington D.C., on Feb. 13, 2023.</media:description>
            </media:content>
            <media:thumbnail url="https://media-cldnry.s-nbcnews.com/image/upload/rockcms/2023-02/230222-pete-Buttigieg-ew-1211p-07f72b.jpg" height="1667" width="2500"/>
        </item>
        <item>
            <guid>https://www.nbcnews.com/politics/politics-news/democratic-governors-launch-alliance-aimed-protecting-abortion-access-rcna71770</guid>
            <title>Democratic governors launch alliance to protect abortion access</title>
            <dateTimeWritten>Thu, 23 Feb 2023 04:15:25 GMT</dateTimeWritten>
            <pubDate>Wed, 22 Feb 2023 17:10:04 GMT</pubDate>
            <updateDate>Thu, 23 Feb 2023 04:15:25 GMT</updateDate>
            <expires>2112-01-01T00:00:00.000+0000</expires>
            <link>https://www.nbcnews.com/politics/politics-news/democratic-governors-launch-alliance-aimed-protecting-abortion-access-rcna71770</link>
            <dc:creator>Rose Horowitch</dc:creator>
            <description>Twenty Democratic governors formed an alliance to defend abortion access following the Supreme Court's June ruling overturning the right to the procedure.</description>
            <media:content url="https://media-cldnry.s-nbcnews.com/image/upload/rockcms/2023-02/230222-gavin-newsom-mjf-0949-e71aad.jpg" type="image/jpeg" medium="image" height="1732" width="2500">
                <media:credit>Justin Sullivan</media:credit>
                <media:text type="plain">Gov. Gavin Newsom speaks during a press conference in Sacramento, Calif. </media:text>
                <media:description type="plain">California Gov. Gavin Newsom at a news conference in Sacramento on Feb. 1.</media:description>
            </media:content>
            <media:thumbnail url="https://media-cldnry.s-nbcnews.com/image/upload/rockcms/2023-02/230222-gavin-newsom-mjf-0949-e71aad.jpg" height="1732" width="2500"/>
        </item>
        <item>
            <guid>https://www.nbcnews.com/politics/2024-election/mike-pence-trump-medicare-social-security-rcna71778</guid>
            <title>Mike Pence breaks with Trump on Medicare and Social Security</title>
            <dateTimeWritten>Thu, 23 Feb 2023 15:51:53 GMT</dateTimeWritten>
            <pubDate>Wed, 22 Feb 2023 16:34:07 GMT</pubDate>
            <updateDate>Thu, 23 Feb 2023 15:51:53 GMT</updateDate>
            <expires>2112-01-01T00:00:00.000+0000</expires>
            <link>https://www.nbcnews.com/politics/2024-election/mike-pence-trump-medicare-social-security-rcna71778</link>
            <dc:creator>Jonathan Allen</dc:creator>
            <description>Former Vice President Mike Pence said cuts to Medicare and Social Security should be "on the table for the long term," differentiating himself from Donald Trump.</description>
            <media:content url="https://media-cldnry.s-nbcnews.com/image/upload/rockcms/2023-02/230222-mike-pence-mjf-1014-4e22fe.jpg" type="image/jpeg" medium="image" height="1667" width="2500">
                <media:credit>Thos Robinson</media:credit>
                <media:text type="plain">2022 New York Times DealBook</media:text>
                <media:description type="plain">Former Vice President Mike Pence speaks in New York in November.</media:description>
            </media:content>
            <media:thumbnail url="https://media-cldnry.s-nbcnews.com/image/upload/rockcms/2023-02/230222-mike-pence-mjf-1014-4e22fe.jpg" height="1667" width="2500"/>
        </item>
        <item>
            <guid>https://www.nbcnews.com/politics/2024-election/sen-jon-tester-seek-re-election-2024-rcna71743</guid>
            <title>Sen. Jon Tester to seek re-election in 2024</title>
            <dateTimeWritten>Thu, 23 Feb 2023 05:08:07 GMT</dateTimeWritten>
            <pubDate>Wed, 22 Feb 2023 15:53:26 GMT</pubDate>
            <updateDate>Thu, 23 Feb 2023 05:08:07 GMT</updateDate>
            <expires>2112-01-01T00:00:00.000+0000</expires>
            <link>https://www.nbcnews.com/politics/2024-election/sen-jon-tester-seek-re-election-2024-rcna71743</link>
            <dc:creator>Summer Concepcion</dc:creator>
            <description>Sen. Jon Tester, D-Mont., announced he will run for re-election, a decision that comes as Democrats look to hold onto their slim Senate majority in 2024.</description>
            <media:content url="https://media-cldnry.s-nbcnews.com/image/upload/rockcms/2023-02/230222-jon-tester-mb-1255-b0e8a8.jpg" type="image/jpeg" medium="image" height="3856" width="5784">
                <media:credit>Kevin Dietsch</media:credit>
                <media:text type="plain">Image: Senate Lawmakers Attend Closed Briefing On Suspected Chinese Spy Balloon</media:text>
                <media:description type="plain">Sen. Jon Tester, D-Mont., talks to reporters at the Capitol on Feb. 15.</media:description>
            </media:content>
            <media:thumbnail url="https://media-cldnry.s-nbcnews.com/image/upload/rockcms/2023-02/230222-jon-tester-mb-1255-b0e8a8.jpg" height="3856" width="5784"/>
        </item>
        <item>
            <guid>https://www.nbcnews.com/nbc-out/out-politics-and-policy/mississippi-governor-vows-sign-limit-transgender-care-rcna71750</guid>
            <title>Mississippi governor vows to sign limit on transgender care </title>
            <dateTimeWritten>Thu, 23 Feb 2023 05:09:08 GMT</dateTimeWritten>
            <pubDate>Wed, 22 Feb 2023 13:56:14 GMT</pubDate>
            <updateDate>Thu, 23 Feb 2023 05:09:08 GMT</updateDate>
            <expires>2112-01-01T00:00:00.000+0000</expires>
            <link>https://www.nbcnews.com/nbc-out/out-politics-and-policy/mississippi-governor-vows-sign-limit-transgender-care-rcna71750</link>
            <dc:creator>Associated Press</dc:creator>
            <description>Once the bill is signed by Republican Gov. Tate Reeves, Mississippi will become the seventh state to restrict gender-affirming care for transgender minors.</description>
            <media:content url="https://media-cldnry.s-nbcnews.com/image/upload/rockcms/2023-02/230222-tate-reeves-jm-0841-f1369c.jpg" type="image/jpeg" medium="image" height="1667" width="2500">
                <media:credit>Rogelio V. Solis</media:credit>
                <media:text type="plain">Mississippi Gov. Tate Reeves in Jackson on Oct. 27, 2022.</media:text>
                <media:description type="plain">Mississippi Gov. Tate Reeves in Jackson on Oct. 27.</media:description>
            </media:content>
            <media:content url="https://media-cldnry.s-nbcnews.com/image/upload/rockcms/2023-02/230222-mississippi-transgender-rights-protest-jm-0845-dc6ec0.jpg" type="image/jpeg" medium="image" height="1667" width="2500">
                <media:credit>Rogelio V. Solis</media:credit>
                <media:text type="plain">People protest House Bill 1125, which would ban gender-affirming care for trans children, in Jackson, Miss., on Feb. 15, 2023.</media:text>
                <media:description type="plain">People protest House Bill 1125, which would ban gender-affirming care for trans children, in Jackson, Miss., on Feb. 15.</media:description>
            </media:content>
            <media:content url="https://media-cldnry.s-nbcnews.com/image/upload/rockcms/2023-02/230222-mississippi-transgender-rights-protest-jm-0849-c2ad64.jpg" type="image/jpeg" medium="image" height="1667" width="2500">
                <media:credit>Rogelio V. Solis</media:credit>
                <media:text type="plain">A protester holds a poster calling for lawmakers to protect trans children by voting against House Bill 1125, which would ban gender-affirming care for trans children, at the Mississippi Capitol in Jackson on Feb. 15, 2023.</media:text>
                <media:description type="plain">A protester holds a poster calling for legislators to protect trans children by voting against House Bill 1125, which would ban gender-affirming care for trans children, at the Mississippi Capitol in Jackson on Feb. 15.</media:description>
            </media:content>
            <media:thumbnail url="https://media-cldnry.s-nbcnews.com/image/upload/rockcms/2023-02/230222-tate-reeves-jm-0841-f1369c.jpg" height="1667" width="2500"/>
        </item>
    </channel>
</rss>